# JRE version: Java(TM) SE Runtime Environment (8.0_221-b11) (build 1.8.0_221-b11)
# Java VM: Java HotSpot(TM) 64-Bit Server VM (25.221-b11 mixed mode windows-amd64 compressed oops)
Heap:
 PSYoungGen      total 365056K, used 102252K [0x00000000d5580000, 0x00000000f0c80000, 0x0000000100000000)
  eden space 330240K, 20% used [0x00000000d5580000,0x00000000d975bc38,0x00000000e9800000)
  from space 34816K, 99% used [0x00000000e9800000,0x00000000eb9ff528,0x00000000eba00000)
  to   space 45568K, 0% used [0x00000000ee000000,0x00000000ee000000,0x00000000f0c80000)
 ParOldGen       total 305664K, used 101906K [0x0000000080000000, 0x0000000092a80000, 0x00000000d5580000)
  object space 305664K, 33% used [0x0000000080000000,0x0000000086384b80,0x0000000092a80000)
 Metaspace       used 117855K, capacity 127528K, committed 127704K, reserved 1159168K
  class space    used 15454K, capacity 17096K, committed 17152K, reserved 1048576K
GC Heap History (10 events):
Event: 8278.709 GC heap before
{Heap before GC invocations=37 (full 4):
 PSYoungGen      total 355840K, used 355821K [0x00000000d5580000, 0x00000000edc80000, 0x0000000100000000)
  eden space 320512K, 100% used [0x00000000d5580000,0x00000000e8e80000,0x00000000e8e80000)
  from space 35328K, 99% used [0x00000000eba00000,0x00000000edc7b488,0x00000000edc80000)
  to   space 34816K, 0% used [0x00000000e9800000,0x00000000e9800000,0x00000000eba00000)
 ParOldGen       total 305664K, used 86003K [0x0000000080000000, 0x0000000092a80000, 0x00000000d5580000)
  object space 305664K, 28% used [0x0000000080000000,0x00000000853fceb8,0x0000000092a80000)
 Metaspace       used 117730K, capacity 127442K, committed 127704K, reserved 1159168K
  class space    used 15451K, capacity 17093K, committed 17152K, reserved 1048576K
Event: 8278.738 GC heap after
Heap after GC invocations=37 (full 4):
 PSYoungGen      total 365056K, used 34813K [0x00000000d5580000, 0x00000000f0c80000, 0x0000000100000000)
  eden space 330240K, 0% used [0x00000000d5580000,0x00000000d5580000,0x00000000e9800000)
  from space 34816K, 99% used [0x00000000e9800000,0x00000000eb9ff430,0x00000000eba00000)
  to   space 45568K, 0% used [0x00000000ee000000,0x00000000ee000000,0x00000000f0c80000)
 ParOldGen       total 305664K, used 86537K [0x0000000080000000, 0x0000000092a80000, 0x00000000d5580000)
  object space 305664K, 28% used [0x0000000080000000,0x0000000085482738,0x0000000092a80000)
 Metaspace       used 117730K, capacity 127442K, committed 127704K, reserved 1159168K
  class space    used 15451K, capacity 17093K, committed 17152K, reserved 1048576K
}
Event: 8279.596 GC heap before
{Heap before GC invocations=38 (full 4):
 PSYoungGen      total 365056K, used 365053K [0x00000000d5580000, 0x00000000f0c80000, 0x0000000100000000)
  eden space 330240K, 100% used [0x00000000d5580000,0x00000000e9800000,0x00000000e9800000)
  from space 34816K, 99% used [0x00000000e9800000,0x00000000eb9ff430,0x00000000eba00000)
  to   space 45568K, 0% used [0x00000000ee000000,0x00000000ee000000,0x00000000f0c80000)
 ParOldGen       total 305664K, used 86537K [0x0000000080000000, 0x0000000092a80000, 0x00000000d5580000)
  object space 305664K, 28% used [0x0000000080000000,0x0000000085482738,0x0000000092a80000)
 Metaspace       used 117778K, capacity 127448K, committed 127704K, reserved 1159168K
  class space    used 15451K, capacity 17094K, committed 17152K, reserved 1048576K
Event: 8279.649 GC heap after
Heap after GC invocations=38 (full 4):
 PSYoungGen      total 375808K, used 35116K [0x00000000d5580000, 0x00000000f0c80000, 0x0000000100000000)
  eden space 330240K, 0% used [0x00000000d5580000,0x00000000d5580000,0x00000000e9800000)
  from space 45568K, 77% used [0x00000000ee000000,0x00000000f024b3f8,0x00000000f0c80000)
  to   space 34816K, 0% used [0x00000000e9800000,0x00000000e9800000,0x00000000eba00000)
 ParOldGen       total 305664K, used 86713K [0x0000000080000000, 0x0000000092a80000, 0x00000000d5580000)
  object space 305664K, 28% used [0x0000000080000000,0x00000000854ae748,0x0000000092a80000)
 Metaspace       used 117778K, capacity 127448K, committed 127704K, reserved 1159168K
  class space    used 15451K, capacity 17094K, committed 17152K, reserved 1048576K
}
Event: 8280.359 GC heap before
{Heap before GC invocations=39 (full 4):
 PSYoungGen      total 375808K, used 365356K [0x00000000d5580000, 0x00000000f0c80000, 0x0000000100000000)
  eden space 330240K, 100% used [0x00000000d5580000,0x00000000e9800000,0x00000000e9800000)
  from space 45568K, 77% used [0x00000000ee000000,0x00000000f024b3f8,0x00000000f0c80000)
  to   space 34816K, 0% used [0x00000000e9800000,0x00000000e9800000,0x00000000eba00000)
 ParOldGen       total 305664K, used 86713K [0x0000000080000000, 0x0000000092a80000, 0x00000000d5580000)
  object space 305664K, 28% used [0x0000000080000000,0x00000000854ae748,0x0000000092a80000)
 Metaspace       used 117798K, capacity 127512K, committed 127704K, reserved 1159168K
  class space    used 15451K, capacity 17094K, committed 17152K, reserved 1048576K
Event: 8280.424 GC heap after
Heap after GC invocations=39 (full 4):
 PSYoungGen      total 365056K, used 34808K [0x00000000d5580000, 0x00000000f0c80000, 0x0000000100000000)
  eden space 330240K, 0% used [0x00000000d5580000,0x00000000d5580000,0x00000000e9800000)
  from space 34816K, 99% used [0x00000000e9800000,0x00000000eb9fe108,0x00000000eba00000)
  to   space 45568K, 0% used [0x00000000ee000000,0x00000000ee000000,0x00000000f0c80000)
 ParOldGen       total 305664K, used 94564K [0x0000000080000000, 0x0000000092a80000, 0x00000000d5580000)
  object space 305664K, 30% used [0x0000000080000000,0x0000000085c59350,0x0000000092a80000)
 Metaspace       used 117798K, capacity 127512K, committed 127704K, reserved 1159168K
  class space    used 15451K, capacity 17094K, committed 17152K, reserved 1048576K
}
Event: 8281.236 GC heap before
{Heap before GC invocations=40 (full 4):
 PSYoungGen      total 365056K, used 365048K [0x00000000d5580000, 0x00000000f0c80000, 0x0000000100000000)
  eden space 330240K, 100% used [0x00000000d5580000,0x00000000e9800000,0x00000000e9800000)
  from space 34816K, 99% used [0x00000000e9800000,0x00000000eb9fe108,0x00000000eba00000)
  to   space 45568K, 0% used [0x00000000ee000000,0x00000000ee000000,0x00000000f0c80000)
 ParOldGen       total 305664K, used 94564K [0x0000000080000000, 0x0000000092a80000, 0x00000000d5580000)
  object space 305664K, 30% used [0x0000000080000000,0x0000000085c59350,0x0000000092a80000)
 Metaspace       used 117815K, capacity 127512K, committed 127704K, reserved 1159168K
  class space    used 15451K, capacity 17094K, committed 17152K, reserved 1048576K
Event: 8281.288 GC heap after
Heap after GC invocations=40 (full 4):
 PSYoungGen      total 375808K, used 38374K [0x00000000d5580000, 0x00000000f0c80000, 0x0000000100000000)
  eden space 330240K, 0% used [0x00000000d5580000,0x00000000d5580000,0x00000000e9800000)
  from space 45568K, 84% used [0x00000000ee000000,0x00000000f0579988,0x00000000f0c80000)
  to   space 34816K, 0% used [0x00000000e9800000,0x00000000e9800000,0x00000000eba00000)
 ParOldGen       total 305664K, used 95596K [0x0000000080000000, 0x0000000092a80000, 0x00000000d5580000)
  object space 305664K, 31% used [0x0000000080000000,0x0000000085d5b048,0x0000000092a80000)
 Metaspace       used 117815K, capacity 127512K, committed 127704K, reserved 1159168K
  class space    used 15451K, capacity 17094K, committed 17152K, reserved 1048576K
}
Event: 8282.030 GC heap before
{Heap before GC invocations=41 (full 4):
 PSYoungGen      total 375808K, used 368614K [0x00000000d5580000, 0x00000000f0c80000, 0x0000000100000000)
  eden space 330240K, 100% used [0x00000000d5580000,0x00000000e9800000,0x00000000e9800000)
  from space 45568K, 84% used [0x00000000ee000000,0x00000000f0579988,0x00000000f0c80000)
  to   space 34816K, 0% used [0x00000000e9800000,0x00000000e9800000,0x00000000eba00000)
 ParOldGen       total 305664K, used 95596K [0x0000000080000000, 0x0000000092a80000, 0x00000000d5580000)
  object space 305664K, 31% used [0x0000000080000000,0x0000000085d5b048,0x0000000092a80000)
 Metaspace       used 117847K, capacity 127522K, committed 127704K, reserved 1159168K
  class space    used 15453K, capacity 17095K, committed 17152K, reserved 1048576K
Event: 8282.070 GC heap after
Heap after GC invocations=41 (full 4):
 PSYoungGen      total 365056K, used 34813K [0x00000000d5580000, 0x00000000f0c80000, 0x0000000100000000)
  eden space 330240K, 0% used [0x00000000d5580000,0x00000000d5580000,0x00000000e9800000)
  from space 34816K, 99% used [0x00000000e9800000,0x00000000eb9ff528,0x00000000eba00000)
  to   space 45568K, 0% used [0x00000000ee000000,0x00000000ee000000,0x00000000f0c80000)
 ParOldGen       total 305664K, used 101906K [0x0000000080000000, 0x0000000092a80000, 0x00000000d5580000)
  object space 305664K, 33% used [0x0000000080000000,0x0000000086384b80,0x0000000092a80000)
 Metaspace       used 117847K, capacity 127522K, committed 127704K, reserved 1159168K
  class space    used 15453K, capacity 17095K, committed 17152K, reserved 1048576K
}

